node : node:events:487
    + CategoryInfo          : NotSpecified: (node:events:487:String) [], RemoteException
    + FullyQualifiedErrorId : NativeCommandError
 
      throw er; // Unhandled 'error' event
      ^

Error: listen EADDRINUSE: address already in use :::3000
    at Server.setupListenHandle [as _listen2] (node:net:2008:16)
    at listenInCluster (node:net:2065:12)
    at Server.listen (node:net:2170:7)
    at app.listen (D:\Qoder椤圭洰\瑁呬慨娴嬭瘯杞欢\node_modules\express\lib\application.js:635:24)
    at D:\Qoder椤圭洰\瑁呬慨娴嬭瘯杞欢\server.js:27:7
Emitted 'error' event on Server instance at:
    at emitErrorNT (node:net:2044:8)
    at process.processTicksAndRejections (node:internal/process/task_queues:90:21) {
  code: 'EADDRINUSE',
  errno: -4091,
  syscall: 'listen',
  address: '::',
  port: 3000
}

Node.js v24.16.0
